0 info it worked if it ends with ok
1 verbose cli [ 'K:\\Program Files\\nodejs\\node.exe',
1 verbose cli   'K:\\Program Files\\nodejs\\node_modules\\npm\\bin\\npm-cli.js',
1 verbose cli   'start' ]
2 info using npm@3.6.0
3 info using node@v5.7.0
4 verbose run-script [ 'prestart', 'start', 'poststart' ]
5 info lifecycle neo4j-api-rest@0.1.2~prestart: neo4j-api-rest@0.1.2
6 verbose lifecycle neo4j-api-rest@0.1.2~prestart: unsafe-perm in lifecycle true
7 verbose lifecycle neo4j-api-rest@0.1.2~prestart: PATH: K:\Program Files\nodejs\node_modules\npm\bin\node-gyp-bin;K:\Dev\neograph\Neograph.REST\node_modules\.bin;C:\Users\Julian\bin;K:\Program Files\Git\mingw64\bin;K:\Program Files\Git\usr\local\bin;K:\Program Files\Git\usr\bin;K:\Program Files\Git\usr\bin;K:\Program Files\Git\mingw64\bin;K:\Program Files\Git\usr\bin;C:\Users\Julian\bin;C:\ProgramData\Oracle\Java\javapath;C:\Program Files (x86)\Common Files\Microsoft Shared\Windows Live;C:\Windows\system32;C:\Windows;C:\Windows\System32\Wbem;C:\Windows\System32\WindowsPowerShell\v1.0;C:\Program Files (x86)\ATI Technologies\ATI.ACE\Core-Static;C:\Program Files\Intel\DMIX;C:\Program Files (x86)\Microsoft ASP.NET\ASP.NET Web Pages\v1.0;C:\Program Files (x86)\Microsoft SQL Server\100\Tools\Binn;C:\Program Files\Microsoft SQL Server\100\Tools\Binn;C:\Program Files\Microsoft SQL Server\100\DTS\Binn;C:\Program Files\Common Files\Autodesk Shared;C:\Program Files (x86)\Microsoft SQL Server\100\Tools\Binn\VSShell\Common7\IDE;C:\Program Files (x86)\Microsoft SQL Server\100\DTS\Binn;C:\Program Files\Microsoft SQL Server\110\Tools\Binn;C:\Program Files (x86)\Microsoft SQL Server\110\Tools\Binn;C:\Program Files\Microsoft SQL Server\110\DTS\Binn;C:\Program Files (x86)\Microsoft SQL Server\110\Tools\Binn\ManagementStudio;C:\Program Files (x86)\Microsoft SQL Server\110\DTS\Binn;C:\Program Files (x86)\QuickTime\QTSystem;C:\Program Files (x86)\Windows Kits\8.1\Windows Performance Toolkit;C:\Program Files (x86)\NVIDIA Corporation\PhysX\Common;C:\Program Files (x86)\Skype\Phone;C:\WINDOWS\system32;C:\WINDOWS;C:\WINDOWS\System32\Wbem;C:\WINDOWS\System32\WindowsPowerShell\v1.0;C:\Program Files\Microsoft\Web Platform Installer;C:\Program Files (x86)\Autodesk\Backburner;K:\Program Files (x86)\Brackets\command;K:\Program Files\nodejs;C:\Users\Julian\.dnx\bin;C:\Program Files\Microsoft DNX\Dnvm;K:\Program Files\Git\cmd;C:\Users\Julian\.dnx\bin;C:\Program Files\Common Files\Microsoft Shared\Windows Live;K:\Java\bin;K:\Program Files (x86)\Microsoft VS Code\bin;K:\AppData\Roaming\npm;K:\Program Files\Git\cmd;K:\Program Files (x86)\Microsoft VS Code Insiders\bin;K:\Program Files\Git\usr\bin\vendor_perl;K:\Program Files\Git\usr\bin\core_perl
8 verbose lifecycle neo4j-api-rest@0.1.2~prestart: CWD: K:\Dev\neograph\Neograph.REST
9 silly lifecycle neo4j-api-rest@0.1.2~prestart: Args: [ '/d /s /c', 'babel src --out-dir built --source-maps' ]
10 silly lifecycle neo4j-api-rest@0.1.2~prestart: Returned: code: 0  signal: null
11 info lifecycle neo4j-api-rest@0.1.2~start: neo4j-api-rest@0.1.2
12 verbose lifecycle neo4j-api-rest@0.1.2~start: unsafe-perm in lifecycle true
13 verbose lifecycle neo4j-api-rest@0.1.2~start: PATH: K:\Program Files\nodejs\node_modules\npm\bin\node-gyp-bin;K:\Dev\neograph\Neograph.REST\node_modules\.bin;C:\Users\Julian\bin;K:\Program Files\Git\mingw64\bin;K:\Program Files\Git\usr\local\bin;K:\Program Files\Git\usr\bin;K:\Program Files\Git\usr\bin;K:\Program Files\Git\mingw64\bin;K:\Program Files\Git\usr\bin;C:\Users\Julian\bin;C:\ProgramData\Oracle\Java\javapath;C:\Program Files (x86)\Common Files\Microsoft Shared\Windows Live;C:\Windows\system32;C:\Windows;C:\Windows\System32\Wbem;C:\Windows\System32\WindowsPowerShell\v1.0;C:\Program Files (x86)\ATI Technologies\ATI.ACE\Core-Static;C:\Program Files\Intel\DMIX;C:\Program Files (x86)\Microsoft ASP.NET\ASP.NET Web Pages\v1.0;C:\Program Files (x86)\Microsoft SQL Server\100\Tools\Binn;C:\Program Files\Microsoft SQL Server\100\Tools\Binn;C:\Program Files\Microsoft SQL Server\100\DTS\Binn;C:\Program Files\Common Files\Autodesk Shared;C:\Program Files (x86)\Microsoft SQL Server\100\Tools\Binn\VSShell\Common7\IDE;C:\Program Files (x86)\Microsoft SQL Server\100\DTS\Binn;C:\Program Files\Microsoft SQL Server\110\Tools\Binn;C:\Program Files (x86)\Microsoft SQL Server\110\Tools\Binn;C:\Program Files\Microsoft SQL Server\110\DTS\Binn;C:\Program Files (x86)\Microsoft SQL Server\110\Tools\Binn\ManagementStudio;C:\Program Files (x86)\Microsoft SQL Server\110\DTS\Binn;C:\Program Files (x86)\QuickTime\QTSystem;C:\Program Files (x86)\Windows Kits\8.1\Windows Performance Toolkit;C:\Program Files (x86)\NVIDIA Corporation\PhysX\Common;C:\Program Files (x86)\Skype\Phone;C:\WINDOWS\system32;C:\WINDOWS;C:\WINDOWS\System32\Wbem;C:\WINDOWS\System32\WindowsPowerShell\v1.0;C:\Program Files\Microsoft\Web Platform Installer;C:\Program Files (x86)\Autodesk\Backburner;K:\Program Files (x86)\Brackets\command;K:\Program Files\nodejs;C:\Users\Julian\.dnx\bin;C:\Program Files\Microsoft DNX\Dnvm;K:\Program Files\Git\cmd;C:\Users\Julian\.dnx\bin;C:\Program Files\Common Files\Microsoft Shared\Windows Live;K:\Java\bin;K:\Program Files (x86)\Microsoft VS Code\bin;K:\AppData\Roaming\npm;K:\Program Files\Git\cmd;K:\Program Files (x86)\Microsoft VS Code Insiders\bin;K:\Program Files\Git\usr\bin\vendor_perl;K:\Program Files\Git\usr\bin\core_perl
14 verbose lifecycle neo4j-api-rest@0.1.2~start: CWD: K:\Dev\neograph\Neograph.REST
15 silly lifecycle neo4j-api-rest@0.1.2~start: Args: [ '/d /s /c', 'node built/server.js' ]
16 silly lifecycle neo4j-api-rest@0.1.2~start: Returned: code: 1  signal: null
17 info lifecycle neo4j-api-rest@0.1.2~start: Failed to exec start script
18 verbose stack Error: neo4j-api-rest@0.1.2 start: `node built/server.js`
18 verbose stack Exit status 1
18 verbose stack     at EventEmitter.<anonymous> (K:\Program Files\nodejs\node_modules\npm\lib\utils\lifecycle.js:232:16)
18 verbose stack     at emitTwo (events.js:100:13)
18 verbose stack     at EventEmitter.emit (events.js:185:7)
18 verbose stack     at ChildProcess.<anonymous> (K:\Program Files\nodejs\node_modules\npm\lib\utils\spawn.js:24:14)
18 verbose stack     at emitTwo (events.js:100:13)
18 verbose stack     at ChildProcess.emit (events.js:185:7)
18 verbose stack     at maybeClose (internal/child_process.js:827:16)
18 verbose stack     at Process.ChildProcess._handle.onexit (internal/child_process.js:211:5)
19 verbose pkgid neo4j-api-rest@0.1.2
20 verbose cwd K:\Dev\neograph\Neograph.REST
21 error Windows_NT 10.0.10586
22 error argv "K:\\Program Files\\nodejs\\node.exe" "K:\\Program Files\\nodejs\\node_modules\\npm\\bin\\npm-cli.js" "start"
23 error node v5.7.0
24 error npm  v3.6.0
25 error code ELIFECYCLE
26 error neo4j-api-rest@0.1.2 start: `node built/server.js`
26 error Exit status 1
27 error Failed at the neo4j-api-rest@0.1.2 start script 'node built/server.js'.
27 error Make sure you have the latest version of node.js and npm installed.
27 error If you do, this is most likely a problem with the neo4j-api-rest package,
27 error not with npm itself.
27 error Tell the author that this fails on your system:
27 error     node built/server.js
27 error You can get information on how to open an issue for this project with:
27 error     npm bugs neo4j-api-rest
27 error Or if that isn't available, you can get their info via:
27 error     npm owner ls neo4j-api-rest
27 error There is likely additional logging output above.
28 verbose exit [ 1, true ]
